# JRE version: OpenJDK Runtime Environment Temurin-11.0.14.1+1 (11.0.14.1+1) (build 11.0.14.1+1)
# Java VM: OpenJDK 64-Bit Server VM Temurin-11.0.14.1+1 (11.0.14.1+1, mixed mode, tiered, compressed oops, g1 gc, windows-amd64)
Heap:
 garbage-first heap   total 196608K, used 57713K [0x0000000741600000, 0x0000000800000000)
  region size 1024K, 51 young (52224K), 4 survivors (4096K)
 Metaspace       used 25612K, capacity 26162K, committed 26368K, reserved 1073152K
  class space    used 2576K, capacity 2756K, committed 2816K, reserved 1048576K
GC Heap History (8 events):
Event: 1.723 GC heap before
{Heap before GC invocations=0 (full 0):
 garbage-first heap   total 196608K, used 24576K [0x0000000741600000, 0x0000000800000000)
  region size 1024K, 24 young (24576K), 0 survivors (0K)
 Metaspace       used 13435K, capacity 13572K, committed 13696K, reserved 1060864K
  class space    used 1317K, capacity 1362K, committed 1408K, reserved 1048576K
}
Event: 1.732 GC heap after
{Heap after GC invocations=1 (full 0):
 garbage-first heap   total 196608K, used 3481K [0x0000000741600000, 0x0000000800000000)
  region size 1024K, 3 young (3072K), 3 survivors (3072K)
 Metaspace       used 13435K, capacity 13572K, committed 13696K, reserved 1060864K
  class space    used 1317K, capacity 1362K, committed 1408K, reserved 1048576K
}
Event: 4.344 GC heap before
{Heap before GC invocations=1 (full 0):
 garbage-first heap   total 196608K, used 22937K [0x0000000741600000, 0x0000000800000000)
  region size 1024K, 23 young (23552K), 3 survivors (3072K)
 Metaspace       used 20785K, capacity 21102K, committed 21248K, reserved 1069056K
  class space    used 2063K, capacity 2204K, committed 2304K, reserved 1048576K
}
Event: 4.359 GC heap after
{Heap after GC invocations=2 (full 0):
 garbage-first heap   total 196608K, used 6553K [0x0000000741600000, 0x0000000800000000)
  region size 1024K, 6 young (6144K), 6 survivors (6144K)
 Metaspace       used 20785K, capacity 21102K, committed 21248K, reserved 1069056K
  class space    used 2063K, capacity 2204K, committed 2304K, reserved 1048576K
}
Event: 5.537 GC heap before
{Heap before GC invocations=3 (full 0):
 garbage-first heap   total 196608K, used 44441K [0x0000000741600000, 0x0000000800000000)
  region size 1024K, 44 young (45056K), 6 survivors (6144K)
 Metaspace       used 24927K, capacity 25358K, committed 25472K, reserved 1073152K
  class space    used 2534K, capacity 2678K, committed 2688K, reserved 1048576K
}
Event: 5.545 GC heap after
{Heap after GC invocations=4 (full 0):
 garbage-first heap   total 196608K, used 10615K [0x0000000741600000, 0x0000000800000000)
  region size 1024K, 6 young (6144K), 6 survivors (6144K)
 Metaspace       used 24927K, capacity 25358K, committed 25472K, reserved 1073152K
  class space    used 2534K, capacity 2678K, committed 2688K, reserved 1048576K
}
Event: 8.304 GC heap before
{Heap before GC invocations=4 (full 0):
 garbage-first heap   total 196608K, used 67959K [0x0000000741600000, 0x0000000800000000)
  region size 1024K, 62 young (63488K), 6 survivors (6144K)
 Metaspace       used 25170K, capacity 25611K, committed 25728K, reserved 1073152K
  class space    used 2539K, capacity 2688K, committed 2688K, reserved 1048576K
}
Event: 8.316 GC heap after
{Heap after GC invocations=5 (full 0):
 garbage-first heap   total 196608K, used 10609K [0x0000000741600000, 0x0000000800000000)
  region size 1024K, 4 young (4096K), 4 survivors (4096K)
 Metaspace       used 25170K, capacity 25611K, committed 25728K, reserved 1073152K
  class space    used 2539K, capacity 2688K, committed 2688K, reserved 1048576K
}

